\BOOKMARK [1][-]{section.1}{Introduction}{}% 1
\BOOKMARK [1][-]{section.2}{MPR generation procedure}{}% 2
\BOOKMARK [2][-]{subsection.2.1}{Event-scheduling execution logic of DES }{section.2}% 3
\BOOKMARK [2][-]{subsection.2.2}{Assumptions}{section.2}% 4
\BOOKMARK [2][-]{subsection.2.3}{Mathematical programming generation procedure}{section.2}% 5
\BOOKMARK [2][-]{subsection.2.4}{Mathematical programming model}{section.2}% 6
\BOOKMARK [3][-]{subsubsection.2.4.1}{Event execution}{subsection.2.4}% 7
\BOOKMARK [3][-]{subsubsection.2.4.2}{Constraints for scheduling new events}{subsection.2.4}% 8
\BOOKMARK [3][-]{subsubsection.2.4.3}{Constraints for sequencing executions}{subsection.2.4}% 9
\BOOKMARK [3][-]{subsubsection.2.4.4}{Constraints for event cancellation}{subsection.2.4}% 10
\BOOKMARK [3][-]{subsubsection.2.4.5}{Constraints for state evolution}{subsection.2.4}% 11
\BOOKMARK [3][-]{subsubsection.2.4.6}{Objective function}{subsection.2.4}% 12
\BOOKMARK [1][-]{section.3}{Applications}{}% 13
\BOOKMARK [2][-]{subsection.3.1}{G/G/m queue}{section.3}% 14
\BOOKMARK [2][-]{subsection.3.2}{Single-server merge}{section.3}% 15
\BOOKMARK [2][-]{subsection.3.3}{G/G/1 with failure}{section.3}% 16
\BOOKMARK [1][-]{section.4}{Discussion}{}% 17
\BOOKMARK [1][-]{section.5}{Conclusion}{}% 18
\BOOKMARK [1][-]{section.6}{Draft}{}% 19
\BOOKMARK [2][-]{subsection.6.1}{Condition based maintenance}{section.6}% 20
\BOOKMARK [1][-]{section.7}{Resource allocation problem of queueing systems}{}% 21
\BOOKMARK [2][-]{subsection.7.1}{Mathematical programming representation of simulation model}{section.7}% 22
\BOOKMARK [2][-]{subsection.7.2}{Mathematical programming representation of simulation model - V2}{section.7}% 23
\BOOKMARK [2][-]{subsection.7.3}{Mathematical programming representation of simulation model - V3}{section.7}% 24
\BOOKMARK [2][-]{subsection.7.4}{Merge}{section.7}% 25
\BOOKMARK [2][-]{subsection.7.5}{Merge - 2 machines in station 3}{section.7}% 26
\BOOKMARK [2][-]{subsection.7.6}{Failure}{section.7}% 27
\BOOKMARK [2][-]{subsection.7.7}{Jobshop}{section.7}% 28
\BOOKMARK [2][-]{subsection.7.8}{Identifying Resource-type variables}{section.7}% 29
\BOOKMARK [1][-]{section.8}{Gradient-based approximate cut}{}% 30
\BOOKMARK [2][-]{subsection.8.1}{Gradient estimation}{section.8}% 31
\BOOKMARK [2][-]{subsection.8.2}{Gradient-based feasibility cut}{section.8}% 32
\BOOKMARK [1][-]{section.9}{Combinatorial cut generation}{}% 33
\BOOKMARK [2][-]{subsection.9.1}{Combinatorial cut}{section.9}% 34
\BOOKMARK [2][-]{subsection.9.2}{Heuristic for tightening Exact combinatorial cut}{section.9}% 35
\BOOKMARK [1][-]{section.10}{Feasibility-cut-based algorithm}{}% 36
\BOOKMARK [1][-]{section.11}{Numerical analysis}{}% 37
\BOOKMARK [2][-]{subsection.11.1}{Multiple-server merge}{section.11}% 38
\BOOKMARK [1][-]{section.12}{Conclusion}{}% 39
